<?xml version="1.0" encoding="UTF-8"?>
<!-- Generated by org.testng.reporters.JUnitReportReporter -->
<testsuite hostname="LAPTOP-M2DVE1SL" failures="0" tests="1" name="Axis.OHRM.Login" time="22.293" errors="0" timestamp="2024-02-29T20:16:05 IST" skipped="0">
  <testcase classname="Axis.OHRM.Login" name="HRMLogin" time="22.293"/>
  <system-out/>
</testsuite> <!-- Axis.OHRM.Login -->
