<?xml version="1.0" encoding="UTF-8"?>
<!-- Generated by org.testng.reporters.JUnitReportReporter -->
<testsuite hostname="LAPTOP-M2DVE1SL" failures="0" tests="1" name="Axis.OHRM.DeleteRecord" time="64.366" errors="0" timestamp="2024-02-29T20:16:05 IST" skipped="0">
  <testcase classname="Axis.OHRM.DeleteRecord" name="HRMLogin" time="64.366"/>
  <system-out/>
</testsuite> <!-- Axis.OHRM.DeleteRecord -->
