<?xml version="1.0" encoding="UTF-8"?>
<!-- Generated by org.testng.reporters.JUnitReportReporter -->
<testsuite hostname="LAPTOP-M2DVE1SL" failures="0" tests="1" name="Axis.OHRM.DocNum" time="72.315" errors="0" timestamp="2024-02-29T20:07:17 IST" skipped="0">
  <testcase classname="Axis.OHRM.DocNum" name="HRMLogin" time="72.315"/>
  <system-out/>
</testsuite> <!-- Axis.OHRM.DocNum -->
